%!Adobe-FontList 1.13
%Locale:0x409

%BeginFont
Handler:DirectoryHandler
FontType:Invalid
OutlineFileName:C:\Dropbox\Webdesign\Gears\Font\PTN77F-webfont.eot
FileModTime:1333202047
%EndFont

%BeginFont
Handler:DirectoryHandler
FontType:Invalid
OutlineFileName:C:\Dropbox\Webdesign\Gears\Font\PTN77F-webfont.svg
FileModTime:1333202047
%EndFont

%BeginFont
Handler:DirectoryHandler
FontType:TrueType
FontName:PTSans-NarrowBold
FamilyName:PT Sans Narrow
StyleName:Bold
FullName:PT Sans Narrow Bold
MenuName:PT Sans Narrow
StyleBits:2
WritingScript:Roman
OutlineFileName:C:\Dropbox\Webdesign\Gears\Font\PTN77F-webfont.ttf
DataFormat:sfntData
FileLength:24828
FileModTime:1333202047
WeightClass:700
WidthClass:3
AngleClass:0
%EndFont

%BeginFont
Handler:DirectoryHandler
FontType:Invalid
OutlineFileName:C:\Dropbox\Webdesign\Gears\Font\PTN77F-webfont.woff
FileModTime:1333202047
%EndFont

